Error SQL | SQL: SELECT * FROM todos WHERE 1 ORDER BY id asc bbbbb | Values: {"text":null,"id":null}
Error SQL | SQL: SELECT * FROM todos WHERE 1 ORDER BY id asc bbbbb | Values: {"text":null,"id":null}
api.php Error list | SQL: SELECT * FROM todos WHERE 1 ORDER BY id asc bbbbb | Values: {"text":null,"id":null}
api.php Error action=list | SQL: SELECT * FROM todos WHERE 1 ORDER BY id asc bbbbb | Values: {"text":null,"id":null}
api.php Error action=list | SQL: SELECT * FROM todos WHERE 1 ORDER BY id asc bbbbb | Values: {"text":null,"id":null}
－－－－－－－－－－－－－－－－－－－－－－－－－－－－－－－－－－－－－－－－－－－－－－－－－－
2025/11/30 01:23:37
Error $_POST
api.php Error action=list | SQL: SELECT * FROM todos WHERE 1 ORDER BY id asc bbbbb | Values: {"text":null,"id":null}
－－－－－－－－－－－－－－－－－－－－－－－－－－－－－－－－－－－－－－－－－－－－－－－－－－
2025/11/30 01:24:57
Error $_POST=Array
api.php Error action=list | SQL: SELECT * FROM todos WHERE 1 ORDER BY id asc bbbbb | Values: {"text":null,"id":null}
－－－－－－－－－－－－－－－－－－－－－－－－－－－－－－－－－－－－－－－－－－－－－－－－－－
2025/11/30 01:30:42
Error $_POST=Array
api.php Error action=list | SQL: SELECT * FROM todos WHERE 1 ORDER BY id asc bbbbb | Values: {"text":null,"id":null}
－－－－－－－－－－－－－－－－－－－－－－－－－－－－－－－－－－－－－－－－－－－－－－－－－－
2025/11/30 01:30:52
SQLSTATE[HY000]: General error: 1 near "bbbbb": syntax error
SQL: $sql
POST: $_POST
api.php Error action=list | SQL: SELECT * FROM todos WHERE 1 ORDER BY id asc bbbbb | Values: {"text":null,"id":null}
－－－－－－－－－－－－－－－－－－－－－－－－－－－－－－－－－－－－－－－－－－－－－－－－－－
2025/11/30 01:31:46
SQLSTATE[HY000]: General error: 1 near "bbbbb": syntax error
SQL: $sql
－－－－－－－－－－－－－－－－－－－－－－－－－－－－－－－－－－－－－－－－－－－－－－－－－－
2025/11/30 01:43:00
SQLSTATE[HY000]: General error: 1 near "bbbbb": syntax error
SQL: $sql
POST: 
api.php Error action=list | SQL: SELECT * FROM todos WHERE 1 ORDER BY id asc bbbbb | Values: {"text":null,"id":null}
POST: $_POST
－－－－－－－－－－－－－－－－－－－－－－－－－－－－－－－－－－－－－－－－－－－－－－－－－－
2025/11/30 01:43:34
SQLSTATE[HY000]: General error: 1 near "bbbbb": syntax error
SQL: $sql
POST: 
api.php Error action=list | SQL: SELECT * FROM todos WHERE 1 ORDER BY id asc bbbbb | Values: {"text":null,"id":null}
－－－－－－－－－－－－－－－－－－－－－－－－－－－－－－－－－－－－－－－－－－－－－－－－－－
2025/11/30 01:46:47
SQLSTATE[HY000]: General error: 1 near "bbbbb": syntax error
SQL: $sql
POST: 
{
    "action": "list",
    "filterIsDone": "null",
    "filterText": "",
    "sortKey": "id",
    "sortOrder": "asc"
}
api.php Error action=list | SQL: SELECT * FROM todos WHERE 1 ORDER BY id asc bbbbb | Values: {"text":null,"id":null}
－－－－－－－－－－－－－－－－－－－－－－－－－－－－－－－－－－－－－－－－－－－－－－－－－－
2025/11/30 01:48:40
SQLSTATE[HY000]: General error: 1 near "bbbbb": syntax error
SQL: SELECT * FROM todos WHERE 1 ORDER BY id asc bbbbb
POST: 
{
    "action": "list",
    "filterIsDone": "null",
    "filterText": "",
    "sortKey": "id",
    "sortOrder": "asc"
}
api.php Error action=list | SQL: SELECT * FROM todos WHERE 1 ORDER BY id asc bbbbb | Values: {"text":null,"id":null}
－－－－－－－－－－－－－－－－－－－－－－－－－－－－－－－－－－－－－－－－－－－－－－－－－－
2025/11/30 01:50:47
SQLSTATE[HY000]: General error: 1 near "bbbbb": syntax error
$sql:SELECT * FROM todos WHERE 1 ORDER BY id asc bbbbb
$_POST: 
{"action":"list","filterIsDone":"null","filterText":"","sortKey":"id","sortOrder":"asc"}
api.php Error action=list | SQL: SELECT * FROM todos WHERE 1 ORDER BY id asc bbbbb | Values: {"text":null,"id":null}
－－－－－－－－－－－－－－－－－－－－－－－－－－－－－－－－－－－－－－－－－－－－－－－－－－
2025/11/30 01:51:43
SQLSTATE[HY000]: General error: 1 near "bbbbb": syntax error
$sql: SELECT * FROM todos WHERE 1 ORDER BY id asc bbbbb
$_POST: {"action":"list","filterIsDone":"null","filterText":"","sortKey":"id","sortOrder":"asc"}
api.php Error action=list | SQL: SELECT * FROM todos WHERE 1 ORDER BY id asc bbbbb | Values: {"text":null,"id":null}
－－－－－－－－－－－－－－－－－－－－－－－－－－－－－－－－－－－－－－－－－－－－－－－－－－
2025/11/30 01:52:36
エラー内容: SQLSTATE[HY000]: General error: 1 near "bbbbb": syntax error
$sql: SELECT * FROM todos WHERE 1 ORDER BY id asc bbbbb
$_POST: {"action":"list","filterIsDone":"null","filterText":"","sortKey":"id","sortOrder":"asc"}
api.php Error action=list | SQL: SELECT * FROM todos WHERE 1 ORDER BY id asc bbbbb | Values: {"text":null,"id":null}
－－－－－－－－－－－－－－－－－－－－－－－－－－－－－－－－－－－－－－－－－－－－－－－－－－
2025/11/30 01:57:00
エラー内容: SQLSTATE[HY000]: General error: 1 near "bbbbb": syntax error
$sql: Array
$_POST: {"action":"list","filterIsDone":"null","filterText":"","sortKey":"id","sortOrder":"asc"}
 | SQL: Array
－－－－－－－－－－－－－－－－－－－－－－－－－－－－－－－－－－－－－－－－－－－－－－－－－－
2025/11/30 02:04:48
エラー内容: SQLSTATE[HY000]: General error: 1 near "bbbbb": syntax error
$sql: Array
$_POST: {"action":"list","filterIsDone":"null","filterText":"","sortKey":"id","sortOrder":"asc"}
Values: null
 | SQL: Array
－－－－－－－－－－－－－－－－－－－－－－－－－－－－－－－－－－－－－－－－－－－－－－－－－－
2025/11/30 02:05:34
エラー内容: SQLSTATE[HY000]: General error: 1 near "bbbbb": syntax error
$sql: Array
$_POST: {"action":"list","filterIsDone":"null","filterText":"","sortKey":"id","sortOrder":"asc"}
Values: null
－－－－－－－－－－－－－－－－－－－－－－－－－－－－－－－－－－－－－－－－－－－－－－－－－－
2025/11/30 02:06:02
エラー内容: SQLSTATE[HY000]: General error: 1 near "bbbbb": syntax error
$sql: Array
$_POST: {"action":"list","filterIsDone":"null","filterText":"","sortKey":"id","sortOrder":"asc"}
Values: null
－－－－－－－－－－－－－－－－－－－－－－－－－－－－－－－－－－－－－－－－－－－－－－－－－－
2025/11/30 10:12:45
エラー内容: SQLSTATE[HY000]: General error: 1 near "bbbbb": syntax error
$sql: Array
$_POST: {"action":"list","filterIsDone":"null","filterText":"","sortKey":"id","sortOrder":"asc"}
Values: null
－－－－－－－－－－－－－－－－－－－－－－－－－－－－－－－－－－－－－－－－－－－－－－－－－－
2025/12/06 12:23:50
エラー内容: SQLSTATE[HY000]: General error: 1 near "bbbbb": syntax error
$sql: Array
$_POST: {"action":"list","filterIsDone":"null","filterText":"","sortKey":"id","sortOrder":"asc"}
Values: null
－－－－－－－－－－－－－－－－－－－－－－－－－－－－－－－－－－－－－－－－－－－－－－－－－－
2025/12/06 12:24:24
エラー内容: SQLSTATE[HY000]: General error: 1 near "bbbbb": syntax error
$sql: Array
$_POST: {"action":"list","filterIsDone":"null","filterText":"","sortKey":"id","sortOrder":"asc"}
Values: null
－－－－－－－－－－－－－－－－－－－－－－－－－－－－－－－－－－－－－－－－－－－－－－－－－－
2025/12/14 08:44:53
TRACE: #0 C:\work\study\php\my-todo-app\api\api.php(123): PDO->prepare('SELECT * FROM t...')
#1 {main}
エラー内容: SQLSTATE[HY000]: General error: 1 near "bbbbb": syntax error
$sql: Array
$_POST: {"action":"list","filterIsDone":"null","filterText":"","sortKey":"id","sortOrder":"asc"}
Values: null
－－－－－－－－－－－－－－－－－－－－－－－－－－－－－－－－－－－－－－－－－－－－－－－－－－
2025/12/14 08:51:19
Stack Trace: \n#0 C:\work\study\php\my-todo-app\api\api.php(123): PDO->prepare('SELECT * FROM t...')
#1 {main}
エラー内容: SQLSTATE[HY000]: General error: 1 near "bbbbb": syntax error
$sql: Array
$_POST: {"action":"list","filterIsDone":"null","filterText":"","sortKey":"id","sortOrder":"asc"}
Values: null
－－－－－－－－－－－－－－－－－－－－－－－－－－－－－－－－－－－－－－－－－－－－－－－－－－
2025/12/14 08:52:52
Stack Trace: \n#0 C:\work\study\php\my-todo-app\api\api.php(123): PDO->prepare('SELECT * FROM t...')
#1 {main}
エラー内容: SQLSTATE[HY000]: General error: 1 near "bbbbb": syntax error
$sql: Array
$_POST: {"action":"list","filterIsDone":"null","filterText":"","sortKey":"id","sortOrder":"asc"}
Values: null
－－－－－－－－－－－－－－－－－－－－－－－－－－－－－－－－－－－－－－－－－－－－－－－－－－
2025/12/14 08:54:28
Stack Trace: 
#0 C:\work\study\php\my-todo-app\api\api.php(123): PDO->prepare('SELECT * FROM t...')
#1 {main}
エラー内容: SQLSTATE[HY000]: General error: 1 near "bbbbb": syntax error
$sql: Array
$_POST: {"action":"list","filterIsDone":"null","filterText":"","sortKey":"id","sortOrder":"asc"}
Values: null
－－－－－－－－－－－－－－－－－－－－－－－－－－－－－－－－－－－－－－－－－－－－－－－－－－
2025/12/14 11:09:31
Stack Trace: 
#0 C:\work\study\php\my-todo-app\api\api.php(122): PDO->prepare('SELECT * FROM t...')
#1 {main}
エラー内容: SQLSTATE[HY000]: General error: 1 near "bbbbb": syntax error
$sql: Array
$_POST: {"action":"list","filterIsDone":"null","filterText":"","sortKey":"id","sortOrder":"asc"}
Values: null
－－－－－－－－－－－－－－－－－－－－－－－－－－－－－－－－－－－－－－－－－－－－－－－－－－
2025/12/14 11:12:10
Stack Trace: 
#0 C:\work\study\php\my-todo-app\api\api.php(122): PDO->prepare('SELECT * FROM t...')
#1 {main}
エラー内容: SQLSTATE[HY000]: General error: 1 near "bbbbb": syntax error
$sql: Array
$_POST: {"action":"list","filterIsDone":"null","filterText":"","sortKey":"id","sortOrder":"asc"}
Values: null
－－－－－－－－－－－－－－－－－－－－－－－－－－－－－－－－－－－－－－－－－－－－－－－－－－
2025/12/14 11:15:11
Stack Trace: 
#0 C:\work\study\php\my-todo-app\api\api.php(122): PDO->prepare('SELECT * FROM t...')
#1 {main}
エラー内容: SQLSTATE[HY000]: General error: 1 near "bbbbb": syntax error
$sql: SELECT * FROM todos WHERE 1 ORDER BY id asc bbbbb
$_POST: {"action":"list","filterIsDone":"null","filterText":"","sortKey":"id","sortOrder":"asc"}
Values: {"text":null,"id":null,"tags":null,"params":[]}
