－－－－－－－－－－－－－－－－－－－－－－－－－－－－－－－－－－－－－－－－－－－－－－－－－－
2025/12/14 10:17:26
Stack Trace: 
#0 C:\work\study\php\my-todo-app\api\api.php(74): executeWithLog()
#1 {main}
sql: SELECT DISTINCT tags FROM todos WHERE tags <> '' ORDER BY tags ASC
$params: []

－－－－－－－－－－－－－－－－－－－－－－－－－－－－－－－－－－－－－－－－－－－－－－－－－－
2025/12/14 10:17:26
Stack Trace: 
#0 C:\work\study\php\my-todo-app\api\api.php(126): executeWithLog()
#1 {main}
sql: SELECT * FROM todos WHERE 1 ORDER BY id asc
$params: []

SELECT件数: 3
SELECT件数: 7
－－－－－－－－－－－－－－－－－－－－－－－－－－－－－－－－－－－－－－－－－－－－－－－－－－
2025/12/14 10:56:17
Stack Trace: 
#0 C:\work\study\php\my-todo-app\api\api.php(125): executeWithLog()
#1 {main}
sql: SELECT * FROM todos WHERE 1 ORDER BY id asc
$params: []
SELECT件数: 0

－－－－－－－－－－－－－－－－－－－－－－－－－－－－－－－－－－－－－－－－－－－－－－－－－－
2025/12/14 10:56:17
Stack Trace: 
#0 C:\work\study\php\my-todo-app\api\api.php(74): executeWithLog()
#1 {main}
sql: SELECT DISTINCT tags FROM todos WHERE tags <> '' ORDER BY tags ASC
$params: []
SELECT件数: 0

－－－－－－－－－－－－－－－－－－－－－－－－－－－－－－－－－－－－－－－－－－－－－－－－－－
2025/12/14 11:03:51
Stack Trace: 
#0 C:\work\study\php\my-todo-app\api\api.php(125): executeWithLog()
#1 {main}
sql: SELECT * FROM todos WHERE 1 ORDER BY id asc
$params: []
SELECT件数: 0

－－－－－－－－－－－－－－－－－－－－－－－－－－－－－－－－－－－－－－－－－－－－－－－－－－
2025/12/14 11:06:42
Stack Trace: 
#0 C:\work\study\php\my-todo-app\api\api.php(125): executeWithLog()
#1 {main}
sql: SELECT * FROM todos WHERE 1 ORDER BY id asc
$params: []
SELECT件数: 7

－－－－－－－－－－－－－－－－－－－－－－－－－－－－－－－－－－－－－－－－－－－－－－－－－－
2025/12/14 11:06:42
Stack Trace: 
#0 C:\work\study\php\my-todo-app\api\api.php(74): executeWithLog()
#1 {main}
sql: SELECT DISTINCT tags FROM todos WHERE tags <> '' ORDER BY tags ASC
$params: []
SELECT件数: 3

－－－－－－－－－－－－－－－－－－－－－－－－－－－－－－－－－－－－－－－－－－－－－－－－－－
2025/12/14 11:06:45
Stack Trace: 
#0 C:\work\study\php\my-todo-app\api\api.php(74): executeWithLog()
#1 {main}
sql: SELECT DISTINCT tags FROM todos WHERE tags <> '' ORDER BY tags ASC
$params: []
SELECT件数: 3

－－－－－－－－－－－－－－－－－－－－－－－－－－－－－－－－－－－－－－－－－－－－－－－－－－
2025/12/14 11:06:45
Stack Trace: 
#0 C:\work\study\php\my-todo-app\api\api.php(125): executeWithLog()
#1 {main}
sql: SELECT * FROM todos WHERE 1 ORDER BY id asc
$params: []
SELECT件数: 7

－－－－－－－－－－－－－－－－－－－－－－－－－－－－－－－－－－－－－－－－－－－－－－－－－－
2025/12/14 11:07:17
Stack Trace: 
#0 C:\work\study\php\my-todo-app\api\api.php(28): executeWithLog()
#1 {main}
sql: DELETE FROM todos WHERE id = ?
$params: ["1763763245404"]
sent sql: DELETE FROM todos WHERE id = '1763763245404'

－－－－－－－－－－－－－－－－－－－－－－－－－－－－－－－－－－－－－－－－－－－－－－－－－－
2025/12/14 11:07:18
Stack Trace: 
#0 C:\work\study\php\my-todo-app\api\api.php(125): executeWithLog()
#1 {main}
sql: SELECT * FROM todos WHERE 1 ORDER BY id asc
$params: []
SELECT件数: 6

－－－－－－－－－－－－－－－－－－－－－－－－－－－－－－－－－－－－－－－－－－－－－－－－－－
2025/12/14 11:08:21
Stack Trace: 
#0 C:\work\study\php\my-todo-app\api\api.php(28): executeWithLog()
#1 {main}
sql: DELETE FROM todos WHERE id = ?
$params: ["1763249779793"]
sent sql: DELETE FROM todos WHERE id = '1763249779793'
DELETE件数: 1

－－－－－－－－－－－－－－－－－－－－－－－－－－－－－－－－－－－－－－－－－－－－－－－－－－
2025/12/14 11:08:21
Stack Trace: 
#0 C:\work\study\php\my-todo-app\api\api.php(125): executeWithLog()
#1 {main}
sql: SELECT * FROM todos WHERE 1 ORDER BY id asc
$params: []
SELECT件数: 5

－－－－－－－－－－－－－－－－－－－－－－－－－－－－－－－－－－－－－－－－－－－－－－－－－－
2025/12/14 11:08:49
Stack Trace: 
#0 C:\work\study\php\my-todo-app\api\api.php(20): executeWithLog()
#1 {main}
sql: INSERT INTO todos (id, text, isdone, tags) VALUES (?, ?, 0, ?)
$params: [1765678129896,"あめ","買い物"]
sent sql: INSERT INTO todos (id, text, isdone, tags) VALUES ('1765678129896', 'あめ', 0, '買い物')
INSERT件数: 1

－－－－－－－－－－－－－－－－－－－－－－－－－－－－－－－－－－－－－－－－－－－－－－－－－－
2025/12/14 11:08:50
Stack Trace: 
#0 C:\work\study\php\my-todo-app\api\api.php(125): executeWithLog()
#1 {main}
sql: SELECT * FROM todos WHERE 1 ORDER BY id asc
$params: []
SELECT件数: 6

－－－－－－－－－－－－－－－－－－－－－－－－－－－－－－－－－－－－－－－－－－－－－－－－－－
2025/12/14 11:09:31
Stack Trace: 
#0 C:\work\study\php\my-todo-app\api\api.php(74): executeWithLog()
#1 {main}
sql: SELECT DISTINCT tags FROM todos WHERE tags <> '' ORDER BY tags ASC
$params: []
SELECT件数: 3

－－－－－－－－－－－－－－－－－－－－－－－－－－－－－－－－－－－－－－－－－－－－－－－－－－
2025/12/14 11:12:10
Stack Trace: 
#0 C:\work\study\php\my-todo-app\api\api.php(74): executeWithLog()
#1 {main}
sql: SELECT DISTINCT tags FROM todos WHERE tags <> '' ORDER BY tags ASC
$params: []
SELECT件数: 3

－－－－－－－－－－－－－－－－－－－－－－－－－－－－－－－－－－－－－－－－－－－－－－－－－－
2025/12/14 11:15:11
Stack Trace: 
#0 C:\work\study\php\my-todo-app\api\api.php(74): executeWithLog()
#1 {main}
sql: SELECT DISTINCT tags FROM todos WHERE tags <> '' ORDER BY tags ASC
$params: []
SELECT件数: 3

－－－－－－－－－－－－－－－－－－－－－－－－－－－－－－－－－－－－－－－－－－－－－－－－－－
2025/12/14 11:16:13
Stack Trace: 
#0 C:\work\study\php\my-todo-app\api\api.php(125): executeWithLog()
#1 {main}
sql: SELECT * FROM todos WHERE 1 ORDER BY id asc
$params: []
SELECT件数: 6

－－－－－－－－－－－－－－－－－－－－－－－－－－－－－－－－－－－－－－－－－－－－－－－－－－
2025/12/14 11:16:13
Stack Trace: 
#0 C:\work\study\php\my-todo-app\api\api.php(74): executeWithLog()
#1 {main}
sql: SELECT DISTINCT tags FROM todos WHERE tags <> '' ORDER BY tags ASC
$params: []
SELECT件数: 3

－－－－－－－－－－－－－－－－－－－－－－－－－－－－－－－－－－－－－－－－－－－－－－－－－－
2025/12/14 11:16:18
Stack Trace: 
#0 C:\work\study\php\my-todo-app\api\api.php(44): executeWithLog()
#1 {main}
sql: UPDATE todos SET isdone = NOT isdone WHERE id = ?
$params: ["1765678129896"]
sent sql: UPDATE todos SET isdone = NOT isdone WHERE id = '1765678129896'
UPDATE件数: 1

－－－－－－－－－－－－－－－－－－－－－－－－－－－－－－－－－－－－－－－－－－－－－－－－－－
2025/12/14 11:16:18
Stack Trace: 
#0 C:\work\study\php\my-todo-app\api\api.php(125): executeWithLog()
#1 {main}
sql: SELECT * FROM todos WHERE 1 ORDER BY id asc
$params: []
SELECT件数: 6

－－－－－－－－－－－－－－－－－－－－－－－－－－－－－－－－－－－－－－－－－－－－－－－－－－
2026/01/01 09:06:58
Stack Trace: 
#0 C:\work\study\php\my-todo-app\api\api.php(125): executeWithLog()
#1 {main}
sql: SELECT * FROM todos WHERE 1 ORDER BY id asc
$params: []
SELECT件数: 6

－－－－－－－－－－－－－－－－－－－－－－－－－－－－－－－－－－－－－－－－－－－－－－－－－－
2026/01/01 09:06:58
Stack Trace: 
#0 C:\work\study\php\my-todo-app\api\api.php(74): executeWithLog()
#1 {main}
sql: SELECT DISTINCT tags FROM todos WHERE tags <> '' ORDER BY tags ASC
$params: []
SELECT件数: 3

－－－－－－－－－－－－－－－－－－－－－－－－－－－－－－－－－－－－－－－－－－－－－－－－－－
2026/01/01 09:19:28
Stack Trace: 
#0 C:\work\study\php\my-todo-app\api\api.php(125): executeWithLog()
#1 {main}
sql: SELECT * FROM todos WHERE 1 ORDER BY id asc
$params: []
SELECT件数: 6

－－－－－－－－－－－－－－－－－－－－－－－－－－－－－－－－－－－－－－－－－－－－－－－－－－
2026/01/01 09:19:28
Stack Trace: 
#0 C:\work\study\php\my-todo-app\api\api.php(74): executeWithLog()
#1 {main}
sql: SELECT DISTINCT tags FROM todos WHERE tags <> '' ORDER BY tags ASC
$params: []
SELECT件数: 3

－－－－－－－－－－－－－－－－－－－－－－－－－－－－－－－－－－－－－－－－－－－－－－－－－－
2026/01/01 09:21:41
Stack Trace: 
#0 C:\work\study\php\my-todo-app\api\api.php(125): executeWithLog()
#1 {main}
sql: SELECT * FROM todos WHERE 1 ORDER BY id asc
$params: []
SELECT件数: 6

－－－－－－－－－－－－－－－－－－－－－－－－－－－－－－－－－－－－－－－－－－－－－－－－－－
2026/01/01 09:21:41
Stack Trace: 
#0 C:\work\study\php\my-todo-app\api\api.php(74): executeWithLog()
#1 {main}
sql: SELECT DISTINCT tags FROM todos WHERE tags <> '' ORDER BY tags ASC
$params: []
SELECT件数: 3

－－－－－－－－－－－－－－－－－－－－－－－－－－－－－－－－－－－－－－－－－－－－－－－－－－
2026/01/03 05:56:39
Stack Trace: 
#0 C:\work\study\php\my-todo-app\api\api.php(74): executeWithLog()
#1 {main}
sql: SELECT DISTINCT tags FROM todos WHERE tags <> '' ORDER BY tags ASC
$params: []
SELECT件数: 3

－－－－－－－－－－－－－－－－－－－－－－－－－－－－－－－－－－－－－－－－－－－－－－－－－－
2026/01/03 05:56:39
Stack Trace: 
#0 C:\work\study\php\my-todo-app\api\api.php(125): executeWithLog()
#1 {main}
sql: SELECT * FROM todos WHERE 1 ORDER BY id asc
$params: []
SELECT件数: 6

